<?xml version="1.0" encoding="UTF-8"?>
<testsuite xmlns:xsi="http://www.w3.org/2001/XMLSchema-instance" xsi:noNamespaceSchemaLocation="https://maven.apache.org/surefire/maven-surefire-plugin/xsd/surefire-test-report-3.0.xsd" version="3.0" name="cucumberOptions.TestRunner" time="76.182" tests="20" errors="0" skipped="0" failures="0">
  <properties>
    <property name="sun.desktop" value="windows"/>
    <property name="awt.toolkit" value="sun.awt.windows.WToolkit"/>
    <property name="java.specification.version" value="11"/>
    <property name="sun.cpu.isalist" value="amd64"/>
    <property name="sun.jnu.encoding" value="Cp1252"/>
    <property name="java.class.path" value="D:\cucumberLatest\automation\target\test-classes;D:\cucumberLatest\automation\target\classes;C:\Users\bavithiran\.m2\repository\io\cucumber\cucumber-java\6.10.4\cucumber-java-6.10.4.jar;C:\Users\bavithiran\.m2\repository\io\cucumber\cucumber-core\6.10.4\cucumber-core-6.10.4.jar;C:\Users\bavithiran\.m2\repository\io\cucumber\cucumber-gherkin\6.10.4\cucumber-gherkin-6.10.4.jar;C:\Users\bavithiran\.m2\repository\io\cucumber\cucumber-gherkin-messages\6.10.4\cucumber-gherkin-messages-6.10.4.jar;C:\Users\bavithiran\.m2\repository\io\cucumber\messages\15.0.0\messages-15.0.0.jar;C:\Users\bavithiran\.m2\repository\io\cucumber\tag-expressions\3.0.1\tag-expressions-3.0.1.jar;C:\Users\bavithiran\.m2\repository\io\cucumber\cucumber-expressions\10.3.0\cucumber-expressions-10.3.0.jar;C:\Users\bavithiran\.m2\repository\io\cucumber\datatable\3.5.0\datatable-3.5.0.jar;C:\Users\bavithiran\.m2\repository\io\cucumber\cucumber-plugin\6.10.4\cucumber-plugin-6.10.4.jar;C:\Users\bavithiran\.m2\repository\io\cucumber\docstring\6.10.4\docstring-6.10.4.jar;C:\Users\bavithiran\.m2\repository\io\cucumber\html-formatter\13.0.0\html-formatter-13.0.0.jar;C:\Users\bavithiran\.m2\repository\io\cucumber\create-meta\4.0.0\create-meta-4.0.0.jar;C:\Users\bavithiran\.m2\repository\org\apiguardian\apiguardian-api\1.1.1\apiguardian-api-1.1.1.jar;C:\Users\bavithiran\.m2\repository\io\cucumber\cucumber-junit\6.10.4\cucumber-junit-6.10.4.jar;C:\Users\bavithiran\.m2\repository\junit\junit\4.11\junit-4.11.jar;C:\Users\bavithiran\.m2\repository\org\hamcrest\hamcrest-core\1.3\hamcrest-core-1.3.jar;C:\Users\bavithiran\.m2\repository\org\apache\poi\poi\3.6\poi-3.6.jar;C:\Users\bavithiran\.m2\repository\commons-logging\commons-logging\1.1\commons-logging-1.1.jar;C:\Users\bavithiran\.m2\repository\logkit\logkit\1.0.1\logkit-1.0.1.jar;C:\Users\bavithiran\.m2\repository\avalon-framework\avalon-framework\4.1.3\avalon-framework-4.1.3.jar;C:\Users\bavithiran\.m2\repository\javax\servlet\servlet-api\2.3\servlet-api-2.3.jar;C:\Users\bavithiran\.m2\repository\log4j\log4j\1.2.13\log4j-1.2.13.jar;C:\Users\bavithiran\.m2\repository\org\apache\poi\poi-ooxml\3.6\poi-ooxml-3.6.jar;C:\Users\bavithiran\.m2\repository\org\apache\poi\poi-ooxml-schemas\3.6\poi-ooxml-schemas-3.6.jar;C:\Users\bavithiran\.m2\repository\org\apache\xmlbeans\xmlbeans\2.3.0\xmlbeans-2.3.0.jar;C:\Users\bavithiran\.m2\repository\stax\stax-api\1.0.1\stax-api-1.0.1.jar;C:\Users\bavithiran\.m2\repository\org\apache\geronimo\specs\geronimo-stax-api_1.0_spec\1.0\geronimo-stax-api_1.0_spec-1.0.jar;C:\Users\bavithiran\.m2\repository\dom4j\dom4j\1.6.1\dom4j-1.6.1.jar;C:\Users\bavithiran\.m2\repository\xml-apis\xml-apis\1.0.b2\xml-apis-1.0.b2.jar;C:\Users\bavithiran\.m2\repository\org\assertj\assertj-core\3.9.1\assertj-core-3.9.1.jar;C:\Users\bavithiran\.m2\repository\io\github\bonigarcia\webdrivermanager\4.4.3\webdrivermanager-4.4.3.jar;C:\Users\bavithiran\.m2\repository\org\slf4j\slf4j-api\1.7.30\slf4j-api-1.7.30.jar;C:\Users\bavithiran\.m2\repository\commons-io\commons-io\2.8.0\commons-io-2.8.0.jar;C:\Users\bavithiran\.m2\repository\com\google\code\gson\gson\2.8.6\gson-2.8.6.jar;C:\Users\bavithiran\.m2\repository\org\apache\commons\commons-lang3\3.12.0\commons-lang3-3.12.0.jar;C:\Users\bavithiran\.m2\repository\org\apache\httpcomponents\client5\httpclient5\5.0.3\httpclient5-5.0.3.jar;C:\Users\bavithiran\.m2\repository\org\apache\httpcomponents\core5\httpcore5\5.0.2\httpcore5-5.0.2.jar;C:\Users\bavithiran\.m2\repository\org\apache\httpcomponents\core5\httpcore5-h2\5.0.2\httpcore5-h2-5.0.2.jar;C:\Users\bavithiran\.m2\repository\commons-codec\commons-codec\1.13\commons-codec-1.13.jar;C:\Users\bavithiran\.m2\repository\org\rauschig\jarchivelib\1.1.0\jarchivelib-1.1.0.jar;C:\Users\bavithiran\.m2\repository\org\apache\commons\commons-compress\1.20\commons-compress-1.20.jar;C:\Users\bavithiran\.m2\repository\org\jsoup\jsoup\1.13.1\jsoup-1.13.1.jar;C:\Users\bavithiran\.m2\repository\org\seleniumhq\selenium\selenium-java\3.141.59\selenium-java-3.141.59.jar;C:\Users\bavithiran\.m2\repository\org\seleniumhq\selenium\selenium-api\3.141.59\selenium-api-3.141.59.jar;C:\Users\bavithiran\.m2\repository\org\seleniumhq\selenium\selenium-chrome-driver\3.141.59\selenium-chrome-driver-3.141.59.jar;C:\Users\bavithiran\.m2\repository\org\seleniumhq\selenium\selenium-edge-driver\3.141.59\selenium-edge-driver-3.141.59.jar;C:\Users\bavithiran\.m2\repository\org\seleniumhq\selenium\selenium-firefox-driver\3.141.59\selenium-firefox-driver-3.141.59.jar;C:\Users\bavithiran\.m2\repository\org\seleniumhq\selenium\selenium-ie-driver\3.141.59\selenium-ie-driver-3.141.59.jar;C:\Users\bavithiran\.m2\repository\org\seleniumhq\selenium\selenium-opera-driver\3.141.59\selenium-opera-driver-3.141.59.jar;C:\Users\bavithiran\.m2\repository\org\seleniumhq\selenium\selenium-remote-driver\3.141.59\selenium-remote-driver-3.141.59.jar;C:\Users\bavithiran\.m2\repository\org\seleniumhq\selenium\selenium-safari-driver\3.141.59\selenium-safari-driver-3.141.59.jar;C:\Users\bavithiran\.m2\repository\org\seleniumhq\selenium\selenium-support\3.141.59\selenium-support-3.141.59.jar;C:\Users\bavithiran\.m2\repository\net\bytebuddy\byte-buddy\1.8.15\byte-buddy-1.8.15.jar;C:\Users\bavithiran\.m2\repository\org\apache\commons\commons-exec\1.3\commons-exec-1.3.jar;C:\Users\bavithiran\.m2\repository\com\google\guava\guava\25.0-jre\guava-25.0-jre.jar;C:\Users\bavithiran\.m2\repository\com\google\code\findbugs\jsr305\1.3.9\jsr305-1.3.9.jar;C:\Users\bavithiran\.m2\repository\org\checkerframework\checker-compat-qual\2.0.0\checker-compat-qual-2.0.0.jar;C:\Users\bavithiran\.m2\repository\com\google\errorprone\error_prone_annotations\2.1.3\error_prone_annotations-2.1.3.jar;C:\Users\bavithiran\.m2\repository\com\google\j2objc\j2objc-annotations\1.1\j2objc-annotations-1.1.jar;C:\Users\bavithiran\.m2\repository\org\codehaus\mojo\animal-sniffer-annotations\1.14\animal-sniffer-annotations-1.14.jar;C:\Users\bavithiran\.m2\repository\com\squareup\okhttp3\okhttp\3.11.0\okhttp-3.11.0.jar;C:\Users\bavithiran\.m2\repository\com\squareup\okio\okio\1.14.0\okio-1.14.0.jar;"/>
    <property name="java.vm.vendor" value="AdoptOpenJDK"/>
    <property name="sun.arch.data.model" value="64"/>
    <property name="user.variant" value=""/>
    <property name="java.vendor.url" value="https://adoptopenjdk.net/"/>
    <property name="user.timezone" value="Asia/Calcutta"/>
    <property name="java.vm.specification.version" value="11"/>
    <property name="os.name" value="Windows 10"/>
    <property name="sun.java.launcher" value="SUN_STANDARD"/>
    <property name="user.country" value="IN"/>
    <property name="sun.boot.library.path" value="C:\Program Files\Java\jdk-11.0.8+10\bin"/>
    <property name="sun.java.command" value="C:\Users\bavithiran\AppData\Local\Temp\surefire148732660166457300\surefirebooter346484235322254401.jar C:\Users\bavithiran\AppData\Local\Temp\surefire148732660166457300 2021-08-31T18-37-36_871-jvmRun1 surefire314276267123879241tmp surefire_09459920159089224332tmp"/>
    <property name="jdk.debug" value="release"/>
    <property name="surefire.test.class.path" value="D:\cucumberLatest\automation\target\test-classes;D:\cucumberLatest\automation\target\classes;C:\Users\bavithiran\.m2\repository\io\cucumber\cucumber-java\6.10.4\cucumber-java-6.10.4.jar;C:\Users\bavithiran\.m2\repository\io\cucumber\cucumber-core\6.10.4\cucumber-core-6.10.4.jar;C:\Users\bavithiran\.m2\repository\io\cucumber\cucumber-gherkin\6.10.4\cucumber-gherkin-6.10.4.jar;C:\Users\bavithiran\.m2\repository\io\cucumber\cucumber-gherkin-messages\6.10.4\cucumber-gherkin-messages-6.10.4.jar;C:\Users\bavithiran\.m2\repository\io\cucumber\messages\15.0.0\messages-15.0.0.jar;C:\Users\bavithiran\.m2\repository\io\cucumber\tag-expressions\3.0.1\tag-expressions-3.0.1.jar;C:\Users\bavithiran\.m2\repository\io\cucumber\cucumber-expressions\10.3.0\cucumber-expressions-10.3.0.jar;C:\Users\bavithiran\.m2\repository\io\cucumber\datatable\3.5.0\datatable-3.5.0.jar;C:\Users\bavithiran\.m2\repository\io\cucumber\cucumber-plugin\6.10.4\cucumber-plugin-6.10.4.jar;C:\Users\bavithiran\.m2\repository\io\cucumber\docstring\6.10.4\docstring-6.10.4.jar;C:\Users\bavithiran\.m2\repository\io\cucumber\html-formatter\13.0.0\html-formatter-13.0.0.jar;C:\Users\bavithiran\.m2\repository\io\cucumber\create-meta\4.0.0\create-meta-4.0.0.jar;C:\Users\bavithiran\.m2\repository\org\apiguardian\apiguardian-api\1.1.1\apiguardian-api-1.1.1.jar;C:\Users\bavithiran\.m2\repository\io\cucumber\cucumber-junit\6.10.4\cucumber-junit-6.10.4.jar;C:\Users\bavithiran\.m2\repository\junit\junit\4.11\junit-4.11.jar;C:\Users\bavithiran\.m2\repository\org\hamcrest\hamcrest-core\1.3\hamcrest-core-1.3.jar;C:\Users\bavithiran\.m2\repository\org\apache\poi\poi\3.6\poi-3.6.jar;C:\Users\bavithiran\.m2\repository\commons-logging\commons-logging\1.1\commons-logging-1.1.jar;C:\Users\bavithiran\.m2\repository\logkit\logkit\1.0.1\logkit-1.0.1.jar;C:\Users\bavithiran\.m2\repository\avalon-framework\avalon-framework\4.1.3\avalon-framework-4.1.3.jar;C:\Users\bavithiran\.m2\repository\javax\servlet\servlet-api\2.3\servlet-api-2.3.jar;C:\Users\bavithiran\.m2\repository\log4j\log4j\1.2.13\log4j-1.2.13.jar;C:\Users\bavithiran\.m2\repository\org\apache\poi\poi-ooxml\3.6\poi-ooxml-3.6.jar;C:\Users\bavithiran\.m2\repository\org\apache\poi\poi-ooxml-schemas\3.6\poi-ooxml-schemas-3.6.jar;C:\Users\bavithiran\.m2\repository\org\apache\xmlbeans\xmlbeans\2.3.0\xmlbeans-2.3.0.jar;C:\Users\bavithiran\.m2\repository\stax\stax-api\1.0.1\stax-api-1.0.1.jar;C:\Users\bavithiran\.m2\repository\org\apache\geronimo\specs\geronimo-stax-api_1.0_spec\1.0\geronimo-stax-api_1.0_spec-1.0.jar;C:\Users\bavithiran\.m2\repository\dom4j\dom4j\1.6.1\dom4j-1.6.1.jar;C:\Users\bavithiran\.m2\repository\xml-apis\xml-apis\1.0.b2\xml-apis-1.0.b2.jar;C:\Users\bavithiran\.m2\repository\org\assertj\assertj-core\3.9.1\assertj-core-3.9.1.jar;C:\Users\bavithiran\.m2\repository\io\github\bonigarcia\webdrivermanager\4.4.3\webdrivermanager-4.4.3.jar;C:\Users\bavithiran\.m2\repository\org\slf4j\slf4j-api\1.7.30\slf4j-api-1.7.30.jar;C:\Users\bavithiran\.m2\repository\commons-io\commons-io\2.8.0\commons-io-2.8.0.jar;C:\Users\bavithiran\.m2\repository\com\google\code\gson\gson\2.8.6\gson-2.8.6.jar;C:\Users\bavithiran\.m2\repository\org\apache\commons\commons-lang3\3.12.0\commons-lang3-3.12.0.jar;C:\Users\bavithiran\.m2\repository\org\apache\httpcomponents\client5\httpclient5\5.0.3\httpclient5-5.0.3.jar;C:\Users\bavithiran\.m2\repository\org\apache\httpcomponents\core5\httpcore5\5.0.2\httpcore5-5.0.2.jar;C:\Users\bavithiran\.m2\repository\org\apache\httpcomponents\core5\httpcore5-h2\5.0.2\httpcore5-h2-5.0.2.jar;C:\Users\bavithiran\.m2\repository\commons-codec\commons-codec\1.13\commons-codec-1.13.jar;C:\Users\bavithiran\.m2\repository\org\rauschig\jarchivelib\1.1.0\jarchivelib-1.1.0.jar;C:\Users\bavithiran\.m2\repository\org\apache\commons\commons-compress\1.20\commons-compress-1.20.jar;C:\Users\bavithiran\.m2\repository\org\jsoup\jsoup\1.13.1\jsoup-1.13.1.jar;C:\Users\bavithiran\.m2\repository\org\seleniumhq\selenium\selenium-java\3.141.59\selenium-java-3.141.59.jar;C:\Users\bavithiran\.m2\repository\org\seleniumhq\selenium\selenium-api\3.141.59\selenium-api-3.141.59.jar;C:\Users\bavithiran\.m2\repository\org\seleniumhq\selenium\selenium-chrome-driver\3.141.59\selenium-chrome-driver-3.141.59.jar;C:\Users\bavithiran\.m2\repository\org\seleniumhq\selenium\selenium-edge-driver\3.141.59\selenium-edge-driver-3.141.59.jar;C:\Users\bavithiran\.m2\repository\org\seleniumhq\selenium\selenium-firefox-driver\3.141.59\selenium-firefox-driver-3.141.59.jar;C:\Users\bavithiran\.m2\repository\org\seleniumhq\selenium\selenium-ie-driver\3.141.59\selenium-ie-driver-3.141.59.jar;C:\Users\bavithiran\.m2\repository\org\seleniumhq\selenium\selenium-opera-driver\3.141.59\selenium-opera-driver-3.141.59.jar;C:\Users\bavithiran\.m2\repository\org\seleniumhq\selenium\selenium-remote-driver\3.141.59\selenium-remote-driver-3.141.59.jar;C:\Users\bavithiran\.m2\repository\org\seleniumhq\selenium\selenium-safari-driver\3.141.59\selenium-safari-driver-3.141.59.jar;C:\Users\bavithiran\.m2\repository\org\seleniumhq\selenium\selenium-support\3.141.59\selenium-support-3.141.59.jar;C:\Users\bavithiran\.m2\repository\net\bytebuddy\byte-buddy\1.8.15\byte-buddy-1.8.15.jar;C:\Users\bavithiran\.m2\repository\org\apache\commons\commons-exec\1.3\commons-exec-1.3.jar;C:\Users\bavithiran\.m2\repository\com\google\guava\guava\25.0-jre\guava-25.0-jre.jar;C:\Users\bavithiran\.m2\repository\com\google\code\findbugs\jsr305\1.3.9\jsr305-1.3.9.jar;C:\Users\bavithiran\.m2\repository\org\checkerframework\checker-compat-qual\2.0.0\checker-compat-qual-2.0.0.jar;C:\Users\bavithiran\.m2\repository\com\google\errorprone\error_prone_annotations\2.1.3\error_prone_annotations-2.1.3.jar;C:\Users\bavithiran\.m2\repository\com\google\j2objc\j2objc-annotations\1.1\j2objc-annotations-1.1.jar;C:\Users\bavithiran\.m2\repository\org\codehaus\mojo\animal-sniffer-annotations\1.14\animal-sniffer-annotations-1.14.jar;C:\Users\bavithiran\.m2\repository\com\squareup\okhttp3\okhttp\3.11.0\okhttp-3.11.0.jar;C:\Users\bavithiran\.m2\repository\com\squareup\okio\okio\1.14.0\okio-1.14.0.jar;"/>
    <property name="sun.cpu.endian" value="little"/>
    <property name="user.home" value="C:\Users\bavithiran"/>
    <property name="user.language" value="en"/>
    <property name="java.specification.vendor" value="Oracle Corporation"/>
    <property name="java.version.date" value="2020-07-14"/>
    <property name="java.home" value="C:\Program Files\Java\jdk-11.0.8+10"/>
    <property name="file.separator" value="\"/>
    <property name="basedir" value="D:\cucumberLatest\automation"/>
    <property name="java.vm.compressedOopsMode" value="Zero based"/>
    <property name="line.separator" value="&#10;"/>
    <property name="java.specification.name" value="Java Platform API Specification"/>
    <property name="java.vm.specification.vendor" value="Oracle Corporation"/>
    <property name="java.awt.graphicsenv" value="sun.awt.Win32GraphicsEnvironment"/>
    <property name="surefire.real.class.path" value="C:\Users\bavithiran\AppData\Local\Temp\surefire148732660166457300\surefirebooter346484235322254401.jar"/>
    <property name="user.script" value=""/>
    <property name="sun.management.compiler" value="HotSpot 64-Bit Tiered Compilers"/>
    <property name="java.runtime.version" value="11.0.8+10"/>
    <property name="user.name" value="bavithiran"/>
    <property name="path.separator" value=";"/>
    <property name="os.version" value="10.0"/>
    <property name="java.runtime.name" value="OpenJDK Runtime Environment"/>
    <property name="file.encoding" value="Cp1252"/>
    <property name="java.vm.name" value="OpenJDK 64-Bit Server VM"/>
    <property name="java.vendor.version" value="AdoptOpenJDK"/>
    <property name="localRepository" value="C:\Users\bavithiran\.m2\repository"/>
    <property name="java.vendor.url.bug" value="https://github.com/AdoptOpenJDK/openjdk-support/issues"/>
    <property name="java.io.tmpdir" value="C:\Users\BAVITH~1\AppData\Local\Temp\"/>
    <property name="java.version" value="11.0.8"/>
    <property name="user.dir" value="D:\cucumberLatest\automation"/>
    <property name="os.arch" value="amd64"/>
    <property name="java.vm.specification.name" value="Java Virtual Machine Specification"/>
    <property name="java.awt.printerjob" value="sun.awt.windows.WPrinterJob"/>
    <property name="sun.os.patch.level" value=""/>
    <property name="java.library.path" value="C:\Program Files\Java\jdk-11.0.8+10\bin;C:\WINDOWS\Sun\Java\bin;C:\WINDOWS\system32;C:\WINDOWS;C:\Program Files (x86)\Common Files\Oracle\Java\javapath;C:\WINDOWS\system32;C:\WINDOWS;C:\WINDOWS\System32\Wbem;C:\WINDOWS\System32\WindowsPowerShell\v1.0\;C:\WINDOWS\System32\OpenSSH\;C:\Program Files\Java\jdk-11.0.8+10\bin;C:\Users\bavithiran\AppData\Local\Android\Sdk\platform-tools;C:\Users\bavithiran\AppData\Local\Android\Sdk\tools;C:\Program Files\Git\cmd;C:\Program Files\nodejs;C:\Program Files\nodejs\node_modules;C:\Program Files\nodejs\node_modules\npm;C:\Android;C:\Windows\System32;C:\Program Files\apache-maven-3.6.3\bin;C:\Program Files\dotnet\;C:\Program Files\Microsoft SQL Server\130\Tools\Binn\;C:\Program Files\Microsoft SQL Server\Client SDK\ODBC\170\Tools\Binn\;C:\Program Files\k6\;C:\Program Files\Docker\Docker\resources\bin;C:\ProgramData\DockerDesktop\version-bin;C:\Program Files\nodejs\;C:\ProgramData\chocolatey\bin;C:\Program Files\MySQL\MySQL Shell 8.0\bin\;C:\Users\bavithiran\AppData\Local\Microsoft\WindowsApps;C:\Users\bavithiran\AppData\Local\Programs\Microsoft VS Code\bin;C:\Users\bavithiran\AppData\Roaming\Microsoft\Windows\Start Menu\Programs\Python 3.9;C:\Users\bavithiran\.dotnet\tools;C:\Users\bavithiran\AppData\Roaming\npm;."/>
    <property name="java.vm.info" value="mixed mode"/>
    <property name="java.vendor" value="AdoptOpenJDK"/>
    <property name="java.vm.version" value="11.0.8+10"/>
    <property name="sun.io.unicode.encoding" value="UnicodeLittle"/>
    <property name="java.class.version" value="55.0"/>
  </properties>
  <testcase name="Access BrowserStack For AnnaHelpLine" classname="AnnaHelp Line" time="6.87"/>
  <testcase name="Launch chrome browser for AnnaHelpLine" classname="AnnaHelp Line" time="1.723"/>
  <testcase name="Click Login for AnnaHelpLine" classname="AnnaHelp Line" time="0.471"/>
  <testcase name="Enter Phone number for AnnaHelpLine" classname="AnnaHelp Line" time="3.473"/>
  <testcase name="Then click countinue button AnnaHelpLine" classname="AnnaHelp Line" time="3.491"/>
  <testcase name="Then click countinue button AnnaHelpLine" classname="AnnaHelp Line" time="3.847"/>
  <testcase name="Then click countinue button AnnaHelpLine" classname="AnnaHelp Line" time="3.535"/>
  <testcase name="Enter otp" classname="AnnaHelp Line" time="0.39"/>
  <testcase name="Wait action for &quot;10&quot; seconds AnnaHelpLine" classname="AnnaHelp Line" time="10.006"/>
  <testcase name="Click new Complaint" classname="AnnaHelp Line" time="3.651"/>
  <testcase name="choose issue location" classname="AnnaHelp Line" time="4.269"/>
  <testcase name="choose issue street" classname="AnnaHelp Line" time="4.225"/>
  <testcase name="enter Address" classname="AnnaHelp Line" time="1.503"/>
  <testcase name="choose issue category" classname="AnnaHelp Line" time="4.242"/>
  <testcase name="choose issue" classname="AnnaHelp Line" time="4.137"/>
  <testcase name="choose specific issue" classname="AnnaHelp Line" time="4.564"/>
  <testcase name="enter issue details" classname="AnnaHelp Line" time="0.499"/>
  <testcase name="click submit" classname="AnnaHelp Line" time="0.376"/>
  <testcase name="Verify complaint creation" classname="AnnaHelp Line" time="3.686"/>
  <testcase name="AnnaHelp Line" classname="AnnaHelp Line" time="3.691"/>
</testsuite>