<?xml version="1.0" encoding="UTF-8"?>
<!-- Generated by org.testng.reporters.JUnitReportReporter -->
<testsuite hostname="DESKTOP-N00LOFS" failures="0" tests="1" name="cucumber.AppTest" time="0.006" errors="0" timestamp="2021-09-03T17:44:45 IST" skipped="0">
  <testcase classname="cucumber.AppTest" name="shouldAnswerWithTrue" time="0.006"/>
  <system-out/>
</testsuite> <!-- cucumber.AppTest -->
