<?xml version="1.0" encoding="UTF-8"?>
<!-- Generated by org.testng.reporters.JUnitReportReporter -->
<testsuite hostname="DESKTOP-N00LOFS" failures="0" tests="1" name="cucumber.AppTest" time="0.017" errors="0" timestamp="2021-09-01T15:30:08 IST" skipped="0">
  <testcase classname="cucumber.AppTest" name="shouldAnswerWithTrue" time="0.017"/>
  <system-out/>
</testsuite> <!-- cucumber.AppTest -->
